<?xml version="1.0" encoding="UTF-8"?>
<!-- Generated by org.testng.reporters.JUnitXMLReporter -->
<testsuite hostname="DESKTOP-JCBJG3I" ignored="0" name="Default test" tests="3" failures="0" timestamp="2022-07-15T20:49:50 IST" time="15.386" errors="0">
  <testcase name="verifyPageTitleTest" time="0.022" classname="com.qa.capsulecrm.tests.LoginPageTest"/>
  <testcase name="verifyLogoDisplayTest" time="0.109" classname="com.qa.capsulecrm.tests.LoginPageTest"/>
  <testcase name="verifyLoginTest" time="2.832" classname="com.qa.capsulecrm.tests.LoginPageTest"/>
</testsuite> <!-- Default test -->
