<?xml version="1.0" encoding="UTF-8"?>
<!-- Generated by org.testng.reporters.JUnitXMLReporter -->
<testsuite hostname="DESKTOP-JCBJG3I" ignored="0" name="Test" tests="3" failures="1" timestamp="2022-07-15T17:37:53 IST" time="42.714" errors="0">
  <testcase name="verifyPageTitleTest" time="0.049" classname="com.qa.capsulecrm.tests.LoginPageTest"/>
  <testcase name="verifyLogoDisplayTest" time="0.074" classname="com.qa.capsulecrm.tests.LoginPageTest"/>
  <testcase name="verifyLoginTest" time="20.144" classname="com.qa.capsulecrm.tests.LoginPageTest">
    <failure type="java.lang.NullPointerException">
      <![CDATA[java.lang.NullPointerException
at com.qa.capsulecrm.utilities.Utilities.takeScreenshot(Utilities.java:69)
at com.qa.capsulecrm.utilities.WebEventListener.onException(WebEventListener.java:148)
at org.openqa.selenium.support.events.EventFiringWebDriver.lambda$new$0(EventFiringWebDriver.java:84)
at com.sun.proxy.$Proxy6.onException(Unknown Source)
at org.openqa.selenium.support.events.EventFiringWebDriver.lambda$new$1(EventFiringWebDriver.java:107)
at com.sun.proxy.$Proxy7.findElement(Unknown Source)
at org.openqa.selenium.support.events.EventFiringWebDriver.findElement(EventFiringWebDriver.java:194)
at org.openqa.selenium.support.pagefactory.DefaultElementLocator.findElement(DefaultElementLocator.java:69)
at org.openqa.selenium.support.pagefactory.internal.LocatingElementHandler.invoke(LocatingElementHandler.java:38)
at com.sun.proxy.$Proxy11.sendKeys(Unknown Source)
at com.qa.capsulecrm.pages.LoginPage.doLogin(LoginPage.java:47)
at com.qa.capsulecrm.tests.LoginPageTest.verifyLoginTest(LoginPageTest.java:45)
at java.util.ArrayList.forEach(ArrayList.java:1259)
... Removed 31 stack frames]]>
    </failure>
  </testcase> <!-- verifyLoginTest -->
</testsuite> <!-- Test -->
